{"/Users/cels4/Desktop/hrsf102-reviews-service/client/components/FlagModal.jsx": {"path":"/Users/cels4/Desktop/hrsf102-reviews-service/client/components/FlagModal.jsx","statementMap":{"0":{"start":{"line":6,"column":18},"end":{"line":15,"column":1}},"1":{"start":{"line":7,"column":4},"end":{"line":14,"column":6}}},"fnMap":{"0":{"name":"(anonymous_0)","decl":{"start":{"line":6,"column":18},"end":{"line":6,"column":19}},"loc":{"start":{"line":6,"column":55},"end":{"line":15,"column":1}},"line":6}},"branchMap":{"0":{"loc":{"start":{"line":8,"column":24},"end":{"line":8,"column":75}},"type":"cond-expr","locations":[{"start":{"line":8,"column":31},"end":{"line":8,"column":52}},{"start":{"line":8,"column":55},"end":{"line":8,"column":75}}],"line":8}},"s":{"0":1,"1":0},"f":{"0":0},"b":{"0":[0,0]},"_coverageSchema":"332fd63041d2c1bcb487cc26dd0d5f7d97098a6c","hash":"eac8269336a0750a46fc0a0138b163717d640137"}
,"/Users/cels4/Desktop/hrsf102-reviews-service/client/components/HostComments.jsx": {"path":"/Users/cels4/Desktop/hrsf102-reviews-service/client/components/HostComments.jsx","statementMap":{"0":{"start":{"line":5,"column":15},"end":{"line":5,"column":32}},"1":{"start":{"line":7,"column":21},"end":{"line":29,"column":1}},"2":{"start":{"line":8,"column":2},"end":{"line":28,"column":4}}},"fnMap":{"0":{"name":"(anonymous_0)","decl":{"start":{"line":7,"column":21},"end":{"line":7,"column":22}},"loc":{"start":{"line":7,"column":37},"end":{"line":29,"column":1}},"line":7}},"branchMap":{},"s":{"0":3,"1":3,"2":1},"f":{"0":1},"b":{},"_coverageSchema":"332fd63041d2c1bcb487cc26dd0d5f7d97098a6c","hash":"b46c8c796d316a9437f316ada19048ce83502084"}
,"/Users/cels4/Desktop/hrsf102-reviews-service/client/components/Review.jsx": {"path":"/Users/cels4/Desktop/hrsf102-reviews-service/client/components/Review.jsx","statementMap":{"0":{"start":{"line":8,"column":15},"end":{"line":23,"column":1}},"1":{"start":{"line":9,"column":2},"end":{"line":16,"column":3}},"2":{"start":{"line":10,"column":4},"end":{"line":15,"column":6}},"3":{"start":{"line":17,"column":2},"end":{"line":22,"column":12}}},"fnMap":{"0":{"name":"(anonymous_0)","decl":{"start":{"line":8,"column":15},"end":{"line":8,"column":16}},"loc":{"start":{"line":8,"column":26},"end":{"line":23,"column":1}},"line":8}},"branchMap":{"0":{"loc":{"start":{"line":9,"column":2},"end":{"line":16,"column":3}},"type":"if","locations":[{"start":{"line":9,"column":2},"end":{"line":16,"column":3}},{"start":{"line":9,"column":2},"end":{"line":16,"column":3}}],"line":9}},"s":{"0":2,"1":1,"2":0,"3":1},"f":{"0":1},"b":{"0":[0,1]},"_coverageSchema":"332fd63041d2c1bcb487cc26dd0d5f7d97098a6c","hash":"79b67ebdf41775f9c53ac70a2cc96dfd1bab563c"}
,"/Users/cels4/Desktop/hrsf102-reviews-service/client/components/ReviewList.jsx": {"path":"/Users/cels4/Desktop/hrsf102-reviews-service/client/components/ReviewList.jsx","statementMap":{"0":{"start":{"line":8,"column":4},"end":{"line":8,"column":17}},"1":{"start":{"line":9,"column":4},"end":{"line":13,"column":6}},"2":{"start":{"line":17,"column":4},"end":{"line":22,"column":5}},"3":{"start":{"line":18,"column":6},"end":{"line":21,"column":9}},"4":{"start":{"line":20,"column":90},"end":{"line":20,"column":91}},"5":{"start":{"line":26,"column":16},"end":{"line":26,"column":24}},"6":{"start":{"line":27,"column":18},"end":{"line":27,"column":25}},"7":{"start":{"line":28,"column":4},"end":{"line":31,"column":7}},"8":{"start":{"line":35,"column":4},"end":{"line":37,"column":5}},"9":{"start":{"line":36,"column":6},"end":{"line":36,"column":51}},"10":{"start":{"line":41,"column":4},"end":{"line":43,"column":5}},"11":{"start":{"line":42,"column":6},"end":{"line":42,"column":51}},"12":{"start":{"line":47,"column":4},"end":{"line":73,"column":6}},"13":{"start":{"line":50,"column":48},"end":{"line":50,"column":97}},"14":{"start":{"line":54,"column":58},"end":{"line":54,"column":75}},"15":{"start":{"line":56,"column":14},"end":{"line":65,"column":15}},"16":{"start":{"line":57,"column":16},"end":{"line":64,"column":18}},"17":{"start":{"line":61,"column":35},"end":{"line":61,"column":63}},"18":{"start":{"line":66,"column":14},"end":{"line":66,"column":122}},"19":{"start":{"line":66,"column":69},"end":{"line":66,"column":97}},"20":{"start":{"line":68,"column":58},"end":{"line":68,"column":75}}},"fnMap":{"0":{"name":"(anonymous_0)","decl":{"start":{"line":7,"column":2},"end":{"line":7,"column":3}},"loc":{"start":{"line":7,"column":21},"end":{"line":14,"column":3}},"line":7},"1":{"name":"(anonymous_1)","decl":{"start":{"line":16,"column":2},"end":{"line":16,"column":3}},"loc":{"start":{"line":16,"column":32},"end":{"line":23,"column":3}},"line":16},"2":{"name":"(anonymous_2)","decl":{"start":{"line":20,"column":80},"end":{"line":20,"column":81}},"loc":{"start":{"line":20,"column":90},"end":{"line":20,"column":91}},"line":20},"3":{"name":"(anonymous_3)","decl":{"start":{"line":25,"column":2},"end":{"line":25,"column":3}},"loc":{"start":{"line":25,"column":20},"end":{"line":32,"column":3}},"line":25},"4":{"name":"(anonymous_4)","decl":{"start":{"line":34,"column":2},"end":{"line":34,"column":3}},"loc":{"start":{"line":34,"column":15},"end":{"line":38,"column":3}},"line":34},"5":{"name":"(anonymous_5)","decl":{"start":{"line":40,"column":2},"end":{"line":40,"column":3}},"loc":{"start":{"line":40,"column":15},"end":{"line":44,"column":3}},"line":40},"6":{"name":"(anonymous_6)","decl":{"start":{"line":46,"column":2},"end":{"line":46,"column":3}},"loc":{"start":{"line":46,"column":11},"end":{"line":74,"column":3}},"line":46},"7":{"name":"(anonymous_7)","decl":{"start":{"line":50,"column":38},"end":{"line":50,"column":39}},"loc":{"start":{"line":50,"column":48},"end":{"line":50,"column":97}},"line":50},"8":{"name":"(anonymous_8)","decl":{"start":{"line":54,"column":52},"end":{"line":54,"column":53}},"loc":{"start":{"line":54,"column":58},"end":{"line":54,"column":75}},"line":54},"9":{"name":"(anonymous_9)","decl":{"start":{"line":55,"column":35},"end":{"line":55,"column":36}},"loc":{"start":{"line":55,"column":54},"end":{"line":67,"column":13}},"line":55},"10":{"name":"(anonymous_10)","decl":{"start":{"line":61,"column":29},"end":{"line":61,"column":30}},"loc":{"start":{"line":61,"column":35},"end":{"line":61,"column":63}},"line":61},"11":{"name":"(anonymous_11)","decl":{"start":{"line":66,"column":63},"end":{"line":66,"column":64}},"loc":{"start":{"line":66,"column":69},"end":{"line":66,"column":97}},"line":66},"12":{"name":"(anonymous_12)","decl":{"start":{"line":68,"column":52},"end":{"line":68,"column":53}},"loc":{"start":{"line":68,"column":58},"end":{"line":68,"column":75}},"line":68}},"branchMap":{"0":{"loc":{"start":{"line":17,"column":4},"end":{"line":22,"column":5}},"type":"if","locations":[{"start":{"line":17,"column":4},"end":{"line":22,"column":5}},{"start":{"line":17,"column":4},"end":{"line":22,"column":5}}],"line":17},"1":{"loc":{"start":{"line":35,"column":4},"end":{"line":37,"column":5}},"type":"if","locations":[{"start":{"line":35,"column":4},"end":{"line":37,"column":5}},{"start":{"line":35,"column":4},"end":{"line":37,"column":5}}],"line":35},"2":{"loc":{"start":{"line":41,"column":4},"end":{"line":43,"column":5}},"type":"if","locations":[{"start":{"line":41,"column":4},"end":{"line":43,"column":5}},{"start":{"line":41,"column":4},"end":{"line":43,"column":5}}],"line":41},"3":{"loc":{"start":{"line":56,"column":14},"end":{"line":65,"column":15}},"type":"if","locations":[{"start":{"line":56,"column":14},"end":{"line":65,"column":15}},{"start":{"line":56,"column":14},"end":{"line":65,"column":15}}],"line":56}},"s":{"0":1,"1":1,"2":2,"3":0,"4":0,"5":0,"6":0,"7":0,"8":0,"9":0,"10":0,"11":0,"12":3,"13":0,"14":0,"15":0,"16":0,"17":0,"18":0,"19":0,"20":0},"f":{"0":1,"1":2,"2":0,"3":0,"4":0,"5":0,"6":3,"7":0,"8":0,"9":0,"10":0,"11":0,"12":0},"b":{"0":[0,2],"1":[0,0],"2":[0,0],"3":[0,0]},"_coverageSchema":"332fd63041d2c1bcb487cc26dd0d5f7d97098a6c","hash":"ff08ad0d3f3b79323fb15817ef8548627d4d23d7"}
,"/Users/cels4/Desktop/hrsf102-reviews-service/client/components/ReviewSummary.jsx": {"path":"/Users/cels4/Desktop/hrsf102-reviews-service/client/components/ReviewSummary.jsx","statementMap":{"0":{"start":{"line":9,"column":4},"end":{"line":9,"column":17}},"1":{"start":{"line":10,"column":4},"end":{"line":20,"column":6}},"2":{"start":{"line":24,"column":4},"end":{"line":30,"column":5}},"3":{"start":{"line":25,"column":6},"end":{"line":29,"column":9}},"4":{"start":{"line":34,"column":17},"end":{"line":41,"column":5}},"5":{"start":{"line":42,"column":4},"end":{"line":48,"column":7}},"6":{"start":{"line":43,"column":6},"end":{"line":47,"column":9}},"7":{"start":{"line":44,"column":28},"end":{"line":44,"column":45}},"8":{"start":{"line":45,"column":23},"end":{"line":45,"column":43}},"9":{"start":{"line":46,"column":8},"end":{"line":46,"column":36}},"10":{"start":{"line":49,"column":26},"end":{"line":49,"column":28}},"11":{"start":{"line":50,"column":4},"end":{"line":53,"column":5}},"12":{"start":{"line":51,"column":20},"end":{"line":51,"column":70}},"13":{"start":{"line":52,"column":6},"end":{"line":52,"column":51}},"14":{"start":{"line":54,"column":4},"end":{"line":54,"column":25}},"15":{"start":{"line":58,"column":16},"end":{"line":58,"column":17}},"16":{"start":{"line":59,"column":4},"end":{"line":63,"column":7}},"17":{"start":{"line":60,"column":26},"end":{"line":60,"column":45}},"18":{"start":{"line":61,"column":21},"end":{"line":61,"column":43}},"19":{"start":{"line":62,"column":6},"end":{"line":62,"column":22}},"20":{"start":{"line":64,"column":4},"end":{"line":64,"column":24}},"21":{"start":{"line":65,"column":4},"end":{"line":65,"column":29}},"22":{"start":{"line":70,"column":4},"end":{"line":70,"column":26}},"23":{"start":{"line":71,"column":4},"end":{"line":73,"column":7}},"24":{"start":{"line":77,"column":14},"end":{"line":77,"column":20}},"25":{"start":{"line":78,"column":18},"end":{"line":78,"column":20}},"26":{"start":{"line":79,"column":4},"end":{"line":88,"column":5}},"27":{"start":{"line":80,"column":6},"end":{"line":86,"column":7}},"28":{"start":{"line":81,"column":8},"end":{"line":81,"column":28}},"29":{"start":{"line":82,"column":13},"end":{"line":86,"column":7}},"30":{"start":{"line":83,"column":8},"end":{"line":83,"column":27}},"31":{"start":{"line":85,"column":8},"end":{"line":85,"column":28}},"32":{"start":{"line":87,"column":6},"end":{"line":87,"column":12}},"33":{"start":{"line":89,"column":4},"end":{"line":89,"column":17}},"34":{"start":{"line":94,"column":20},"end":{"line":94,"column":58}},"35":{"start":{"line":95,"column":18},"end":{"line":102,"column":6}},"36":{"start":{"line":96,"column":6},"end":{"line":98,"column":7}},"37":{"start":{"line":97,"column":8},"end":{"line":97,"column":64}},"38":{"start":{"line":98,"column":8},"end":{"line":100,"column":7}},"39":{"start":{"line":99,"column":8},"end":{"line":99,"column":73}},"40":{"start":{"line":101,"column":6},"end":{"line":101,"column":62}},"41":{"start":{"line":104,"column":6},"end":{"line":114,"column":12}},"42":{"start":{"line":117,"column":4},"end":{"line":128,"column":5}},"43":{"start":{"line":118,"column":6},"end":{"line":127,"column":8}},"44":{"start":{"line":124,"column":51},"end":{"line":124,"column":127}},"45":{"start":{"line":129,"column":4},"end":{"line":139,"column":6}},"46":{"start":{"line":135,"column":58},"end":{"line":135,"column":81}}},"fnMap":{"0":{"name":"(anonymous_0)","decl":{"start":{"line":8,"column":2},"end":{"line":8,"column":3}},"loc":{"start":{"line":8,"column":21},"end":{"line":21,"column":3}},"line":8},"1":{"name":"(anonymous_1)","decl":{"start":{"line":23,"column":2},"end":{"line":23,"column":3}},"loc":{"start":{"line":23,"column":32},"end":{"line":31,"column":3}},"line":23},"2":{"name":"(anonymous_2)","decl":{"start":{"line":33,"column":2},"end":{"line":33,"column":3}},"loc":{"start":{"line":33,"column":16},"end":{"line":55,"column":3}},"line":33},"3":{"name":"(anonymous_3)","decl":{"start":{"line":42,"column":31},"end":{"line":42,"column":32}},"loc":{"start":{"line":42,"column":43},"end":{"line":48,"column":5}},"line":42},"4":{"name":"(anonymous_4)","decl":{"start":{"line":43,"column":28},"end":{"line":43,"column":29}},"loc":{"start":{"line":43,"column":38},"end":{"line":47,"column":7}},"line":43},"5":{"name":"(anonymous_5)","decl":{"start":{"line":57,"column":2},"end":{"line":57,"column":3}},"loc":{"start":{"line":57,"column":24},"end":{"line":66,"column":3}},"line":57},"6":{"name":"(anonymous_6)","decl":{"start":{"line":59,"column":16},"end":{"line":59,"column":17}},"loc":{"start":{"line":59,"column":28},"end":{"line":63,"column":5}},"line":59},"7":{"name":"(anonymous_7)","decl":{"start":{"line":69,"column":2},"end":{"line":69,"column":3}},"loc":{"start":{"line":69,"column":18},"end":{"line":74,"column":3}},"line":69},"8":{"name":"(anonymous_8)","decl":{"start":{"line":76,"column":2},"end":{"line":76,"column":3}},"loc":{"start":{"line":76,"column":24},"end":{"line":90,"column":3}},"line":76},"9":{"name":"(anonymous_9)","decl":{"start":{"line":93,"column":2},"end":{"line":93,"column":3}},"loc":{"start":{"line":93,"column":11},"end":{"line":140,"column":3}},"line":93},"10":{"name":"(anonymous_10)","decl":{"start":{"line":95,"column":30},"end":{"line":95,"column":31}},"loc":{"start":{"line":95,"column":40},"end":{"line":102,"column":5}},"line":95},"11":{"name":"(anonymous_11)","decl":{"start":{"line":124,"column":39},"end":{"line":124,"column":40}},"loc":{"start":{"line":124,"column":51},"end":{"line":124,"column":127}},"line":124},"12":{"name":"(anonymous_12)","decl":{"start":{"line":135,"column":52},"end":{"line":135,"column":53}},"loc":{"start":{"line":135,"column":58},"end":{"line":135,"column":81}},"line":135}},"branchMap":{"0":{"loc":{"start":{"line":24,"column":4},"end":{"line":30,"column":5}},"type":"if","locations":[{"start":{"line":24,"column":4},"end":{"line":30,"column":5}},{"start":{"line":24,"column":4},"end":{"line":30,"column":5}}],"line":24},"1":{"loc":{"start":{"line":80,"column":6},"end":{"line":86,"column":7}},"type":"if","locations":[{"start":{"line":80,"column":6},"end":{"line":86,"column":7}},{"start":{"line":80,"column":6},"end":{"line":86,"column":7}}],"line":80},"2":{"loc":{"start":{"line":82,"column":13},"end":{"line":86,"column":7}},"type":"if","locations":[{"start":{"line":82,"column":13},"end":{"line":86,"column":7}},{"start":{"line":82,"column":13},"end":{"line":86,"column":7}}],"line":82},"3":{"loc":{"start":{"line":96,"column":6},"end":{"line":98,"column":7}},"type":"if","locations":[{"start":{"line":96,"column":6},"end":{"line":98,"column":7}},{"start":{"line":96,"column":6},"end":{"line":98,"column":7}}],"line":96},"4":{"loc":{"start":{"line":98,"column":8},"end":{"line":100,"column":7}},"type":"if","locations":[{"start":{"line":98,"column":8},"end":{"line":100,"column":7}},{"start":{"line":98,"column":8},"end":{"line":100,"column":7}}],"line":98},"5":{"loc":{"start":{"line":117,"column":4},"end":{"line":128,"column":5}},"type":"if","locations":[{"start":{"line":117,"column":4},"end":{"line":128,"column":5}},{"start":{"line":117,"column":4},"end":{"line":128,"column":5}}],"line":117}},"s":{"0":1,"1":1,"2":2,"3":0,"4":0,"5":0,"6":0,"7":0,"8":0,"9":0,"10":0,"11":0,"12":0,"13":0,"14":0,"15":0,"16":0,"17":0,"18":0,"19":0,"20":0,"21":0,"22":0,"23":0,"24":21,"25":21,"26":21,"27":105,"28":0,"29":105,"30":0,"31":105,"32":105,"33":21,"34":3,"35":3,"36":15,"37":0,"38":15,"39":0,"40":15,"41":3,"42":3,"43":3,"44":18,"45":0,"46":0},"f":{"0":1,"1":2,"2":0,"3":0,"4":0,"5":0,"6":0,"7":0,"8":21,"9":3,"10":15,"11":18,"12":0},"b":{"0":[0,2],"1":[0,105],"2":[0,105],"3":[0,15],"4":[0,15],"5":[3,0]},"_coverageSchema":"332fd63041d2c1bcb487cc26dd0d5f7d97098a6c","hash":"c524354569b336aecb0f3e18b0e0dc57624cbb82"}
,"/Users/cels4/Desktop/hrsf102-reviews-service/client/components/ReviewSummaryLine.jsx": {"path":"/Users/cels4/Desktop/hrsf102-reviews-service/client/components/ReviewSummaryLine.jsx","statementMap":{"0":{"start":{"line":5,"column":26},"end":{"line":31,"column":1}},"1":{"start":{"line":6,"column":22},"end":{"line":6,"column":43}},"2":{"start":{"line":7,"column":17},"end":{"line":7,"column":41}},"3":{"start":{"line":8,"column":16},"end":{"line":15,"column":4}},"4":{"start":{"line":9,"column":4},"end":{"line":11,"column":5}},"5":{"start":{"line":10,"column":6},"end":{"line":10,"column":62}},"6":{"start":{"line":11,"column":6},"end":{"line":13,"column":5}},"7":{"start":{"line":12,"column":6},"end":{"line":12,"column":71}},"8":{"start":{"line":14,"column":4},"end":{"line":14,"column":60}},"9":{"start":{"line":17,"column":2},"end":{"line":30,"column":4}}},"fnMap":{"0":{"name":"(anonymous_0)","decl":{"start":{"line":5,"column":26},"end":{"line":5,"column":27}},"loc":{"start":{"line":5,"column":59},"end":{"line":31,"column":1}},"line":5},"1":{"name":"(anonymous_1)","decl":{"start":{"line":8,"column":42},"end":{"line":8,"column":43}},"loc":{"start":{"line":8,"column":52},"end":{"line":15,"column":3}},"line":8}},"branchMap":{"0":{"loc":{"start":{"line":9,"column":4},"end":{"line":11,"column":5}},"type":"if","locations":[{"start":{"line":9,"column":4},"end":{"line":11,"column":5}},{"start":{"line":9,"column":4},"end":{"line":11,"column":5}}],"line":9},"1":{"loc":{"start":{"line":11,"column":6},"end":{"line":13,"column":5}},"type":"if","locations":[{"start":{"line":11,"column":6},"end":{"line":13,"column":5}},{"start":{"line":11,"column":6},"end":{"line":13,"column":5}}],"line":11}},"s":{"0":1,"1":18,"2":18,"3":18,"4":90,"5":0,"6":90,"7":0,"8":90,"9":18},"f":{"0":18,"1":90},"b":{"0":[0,90],"1":[0,90]},"_coverageSchema":"332fd63041d2c1bcb487cc26dd0d5f7d97098a6c","hash":"ee8512fcc701530b95070fde7963cd6b51376741"}
,"/Users/cels4/Desktop/hrsf102-reviews-service/client/components/ReviewWithoutComments.jsx": {"path":"/Users/cels4/Desktop/hrsf102-reviews-service/client/components/ReviewWithoutComments.jsx","statementMap":{"0":{"start":{"line":5,"column":15},"end":{"line":5,"column":32}},"1":{"start":{"line":7,"column":30},"end":{"line":28,"column":1}},"2":{"start":{"line":8,"column":2},"end":{"line":27,"column":8}}},"fnMap":{"0":{"name":"(anonymous_0)","decl":{"start":{"line":7,"column":30},"end":{"line":7,"column":31}},"loc":{"start":{"line":8,"column":2},"end":{"line":27,"column":8}},"line":8}},"branchMap":{},"s":{"0":2,"1":2,"2":0},"f":{"0":0},"b":{},"_coverageSchema":"332fd63041d2c1bcb487cc26dd0d5f7d97098a6c","hash":"62b134a16d495305c9bc1bbe2dd52f9940799565"}
,"/Users/cels4/Desktop/hrsf102-reviews-service/client/components/Search.jsx": {"path":"/Users/cels4/Desktop/hrsf102-reviews-service/client/components/Search.jsx","statementMap":{"0":{"start":{"line":8,"column":4},"end":{"line":8,"column":17}},"1":{"start":{"line":9,"column":4},"end":{"line":12,"column":6}},"2":{"start":{"line":16,"column":22},"end":{"line":16,"column":40}},"3":{"start":{"line":17,"column":4},"end":{"line":19,"column":5}},"4":{"start":{"line":18,"column":6},"end":{"line":18,"column":33}},"5":{"start":{"line":23,"column":4},"end":{"line":25,"column":7}},"6":{"start":{"line":29,"column":4},"end":{"line":40,"column":5}},"7":{"start":{"line":36,"column":31},"end":{"line":36,"column":53}}},"fnMap":{"0":{"name":"(anonymous_0)","decl":{"start":{"line":7,"column":2},"end":{"line":7,"column":3}},"loc":{"start":{"line":7,"column":21},"end":{"line":13,"column":3}},"line":7},"1":{"name":"(anonymous_1)","decl":{"start":{"line":15,"column":2},"end":{"line":15,"column":3}},"loc":{"start":{"line":15,"column":21},"end":{"line":20,"column":3}},"line":15},"2":{"name":"(anonymous_2)","decl":{"start":{"line":22,"column":2},"end":{"line":22,"column":3}},"loc":{"start":{"line":22,"column":14},"end":{"line":26,"column":3}},"line":22},"3":{"name":"(anonymous_3)","decl":{"start":{"line":28,"column":2},"end":{"line":28,"column":3}},"loc":{"start":{"line":28,"column":11},"end":{"line":41,"column":3}},"line":28},"4":{"name":"(anonymous_4)","decl":{"start":{"line":36,"column":26},"end":{"line":36,"column":27}},"loc":{"start":{"line":36,"column":31},"end":{"line":36,"column":53}},"line":36}},"branchMap":{"0":{"loc":{"start":{"line":17,"column":4},"end":{"line":19,"column":5}},"type":"if","locations":[{"start":{"line":17,"column":4},"end":{"line":19,"column":5}},{"start":{"line":17,"column":4},"end":{"line":19,"column":5}}],"line":17}},"s":{"0":1,"1":1,"2":0,"3":0,"4":0,"5":0,"6":3,"7":0},"f":{"0":1,"1":0,"2":0,"3":3,"4":0},"b":{"0":[0,0]},"_coverageSchema":"332fd63041d2c1bcb487cc26dd0d5f7d97098a6c","hash":"916c1a2cf6313dd23e92a788a811c75e7ae0b46d"}
,"/Users/cels4/Desktop/hrsf102-reviews-service/client/components/app.jsx": {"path":"/Users/cels4/Desktop/hrsf102-reviews-service/client/components/app.jsx","statementMap":{"0":{"start":{"line":13,"column":4},"end":{"line":13,"column":17}},"1":{"start":{"line":14,"column":4},"end":{"line":19,"column":6}},"2":{"start":{"line":23,"column":4},"end":{"line":23,"column":26}},"3":{"start":{"line":27,"column":15},"end":{"line":27,"column":21}},"4":{"start":{"line":28,"column":4},"end":{"line":30,"column":5}},"5":{"start":{"line":29,"column":6},"end":{"line":29,"column":16}},"6":{"start":{"line":31,"column":4},"end":{"line":31,"column":35}},"7":{"start":{"line":32,"column":4},"end":{"line":42,"column":56}},"8":{"start":{"line":37,"column":8},"end":{"line":40,"column":11}},"9":{"start":{"line":42,"column":18},"end":{"line":42,"column":54}},"10":{"start":{"line":46,"column":4},"end":{"line":46,"column":42}},"11":{"start":{"line":47,"column":4},"end":{"line":49,"column":7}},"12":{"start":{"line":53,"column":23},"end":{"line":53,"column":25}},"13":{"start":{"line":54,"column":4},"end":{"line":58,"column":7}},"14":{"start":{"line":55,"column":6},"end":{"line":57,"column":7}},"15":{"start":{"line":56,"column":8},"end":{"line":56,"column":32}},"16":{"start":{"line":59,"column":4},"end":{"line":62,"column":7}},"17":{"start":{"line":66,"column":4},"end":{"line":76,"column":6}}},"fnMap":{"0":{"name":"(anonymous_0)","decl":{"start":{"line":12,"column":2},"end":{"line":12,"column":3}},"loc":{"start":{"line":12,"column":21},"end":{"line":20,"column":3}},"line":12},"1":{"name":"(anonymous_1)","decl":{"start":{"line":22,"column":2},"end":{"line":22,"column":3}},"loc":{"start":{"line":22,"column":22},"end":{"line":24,"column":3}},"line":22},"2":{"name":"(anonymous_2)","decl":{"start":{"line":26,"column":2},"end":{"line":26,"column":3}},"loc":{"start":{"line":26,"column":62},"end":{"line":43,"column":3}},"line":26},"3":{"name":"(anonymous_3)","decl":{"start":{"line":36,"column":12},"end":{"line":36,"column":13}},"loc":{"start":{"line":36,"column":22},"end":{"line":41,"column":7}},"line":36},"4":{"name":"(anonymous_4)","decl":{"start":{"line":42,"column":12},"end":{"line":42,"column":13}},"loc":{"start":{"line":42,"column":18},"end":{"line":42,"column":54}},"line":42},"5":{"name":"(anonymous_5)","decl":{"start":{"line":45,"column":2},"end":{"line":45,"column":3}},"loc":{"start":{"line":45,"column":15},"end":{"line":50,"column":3}},"line":45},"6":{"name":"(anonymous_6)","decl":{"start":{"line":52,"column":2},"end":{"line":52,"column":3}},"loc":{"start":{"line":52,"column":22},"end":{"line":63,"column":3}},"line":52},"7":{"name":"(anonymous_7)","decl":{"start":{"line":54,"column":31},"end":{"line":54,"column":32}},"loc":{"start":{"line":54,"column":43},"end":{"line":58,"column":5}},"line":54},"8":{"name":"(anonymous_8)","decl":{"start":{"line":65,"column":2},"end":{"line":65,"column":3}},"loc":{"start":{"line":65,"column":11},"end":{"line":77,"column":3}},"line":65}},"branchMap":{"0":{"loc":{"start":{"line":26,"column":21},"end":{"line":26,"column":60}},"type":"default-arg","locations":[{"start":{"line":26,"column":30},"end":{"line":26,"column":60}}],"line":26},"1":{"loc":{"start":{"line":28,"column":4},"end":{"line":30,"column":5}},"type":"if","locations":[{"start":{"line":28,"column":4},"end":{"line":30,"column":5}},{"start":{"line":28,"column":4},"end":{"line":30,"column":5}}],"line":28},"2":{"loc":{"start":{"line":55,"column":6},"end":{"line":57,"column":7}},"type":"if","locations":[{"start":{"line":55,"column":6},"end":{"line":57,"column":7}},{"start":{"line":55,"column":6},"end":{"line":57,"column":7}}],"line":55}},"s":{"0":2,"1":2,"2":3,"3":3,"4":3,"5":0,"6":3,"7":3,"8":0,"9":0,"10":0,"11":0,"12":0,"13":0,"14":0,"15":0,"16":0,"17":5},"f":{"0":2,"1":3,"2":3,"3":0,"4":0,"5":0,"6":0,"7":0,"8":5},"b":{"0":[3],"1":[0,3],"2":[0,0]},"_coverageSchema":"332fd63041d2c1bcb487cc26dd0d5f7d97098a6c","hash":"8a1daa49dbd1afae7beb14863fd36ecb7f8e4588"}
,"/Users/cels4/Desktop/hrsf102-reviews-service/tests/configTests.js": {"path":"/Users/cels4/Desktop/hrsf102-reviews-service/tests/configTests.js","statementMap":{"0":{"start":{"line":4,"column":0},"end":{"line":4,"column":38}}},"fnMap":{},"branchMap":{},"s":{"0":3},"f":{},"b":{},"_coverageSchema":"332fd63041d2c1bcb487cc26dd0d5f7d97098a6c","hash":"32621a4e995add62646fa2b4c44856ca92a29c70"}
}
