{"/Users/cels4/Desktop/hrsf102-reviews-service/client/components/FlagModal.jsx": {"path":"/Users/cels4/Desktop/hrsf102-reviews-service/client/components/FlagModal.jsx","statementMap":{"0":{"start":{"line":9,"column":4},"end":{"line":9,"column":17}},"1":{"start":{"line":10,"column":4},"end":{"line":12,"column":6}},"2":{"start":{"line":16,"column":4},"end":{"line":18,"column":7}},"3":{"start":{"line":22,"column":26},"end":{"line":22,"column":36}},"4":{"start":{"line":23,"column":30},"end":{"line":23,"column":40}},"5":{"start":{"line":24,"column":29},"end":{"line":24,"column":39}},"6":{"start":{"line":25,"column":4},"end":{"line":31,"column":17}}},"fnMap":{"0":{"name":"(anonymous_0)","decl":{"start":{"line":8,"column":2},"end":{"line":8,"column":3}},"loc":{"start":{"line":8,"column":21},"end":{"line":13,"column":3}},"line":8},"1":{"name":"(anonymous_1)","decl":{"start":{"line":15,"column":2},"end":{"line":15,"column":3}},"loc":{"start":{"line":15,"column":16},"end":{"line":19,"column":3}},"line":15},"2":{"name":"(anonymous_2)","decl":{"start":{"line":21,"column":2},"end":{"line":21,"column":3}},"loc":{"start":{"line":21,"column":11},"end":{"line":32,"column":3}},"line":21}},"branchMap":{"0":{"loc":{"start":{"line":25,"column":12},"end":{"line":31,"column":15}},"type":"cond-expr","locations":[{"start":{"line":26,"column":6},"end":{"line":30,"column":8}},{"start":{"line":31,"column":8},"end":{"line":31,"column":15}}],"line":25}},"s":{"0":1,"1":1,"2":0,"3":3,"4":3,"5":3,"6":3},"f":{"0":1,"1":0,"2":3},"b":{"0":[0,3]},"_coverageSchema":"332fd63041d2c1bcb487cc26dd0d5f7d97098a6c","hash":"44f491f1365cf9453648fd0d1add3f6d83afcb01"}
,"/Users/cels4/Desktop/hrsf102-reviews-service/client/components/Header.jsx": {"path":"/Users/cels4/Desktop/hrsf102-reviews-service/client/components/Header.jsx","statementMap":{"0":{"start":{"line":8,"column":15},"end":{"line":32,"column":1}},"1":{"start":{"line":9,"column":18},"end":{"line":9,"column":40}},"2":{"start":{"line":10,"column":16},"end":{"line":17,"column":4}},"3":{"start":{"line":11,"column":4},"end":{"line":13,"column":5}},"4":{"start":{"line":12,"column":6},"end":{"line":12,"column":62}},"5":{"start":{"line":13,"column":6},"end":{"line":15,"column":5}},"6":{"start":{"line":14,"column":6},"end":{"line":14,"column":71}},"7":{"start":{"line":16,"column":4},"end":{"line":16,"column":60}},"8":{"start":{"line":18,"column":2},"end":{"line":31,"column":12}},"9":{"start":{"line":34,"column":0},"end":{"line":40,"column":2}}},"fnMap":{"0":{"name":"(anonymous_0)","decl":{"start":{"line":8,"column":15},"end":{"line":8,"column":16}},"loc":{"start":{"line":8,"column":74},"end":{"line":32,"column":1}},"line":8},"1":{"name":"(anonymous_1)","decl":{"start":{"line":10,"column":28},"end":{"line":10,"column":29}},"loc":{"start":{"line":10,"column":38},"end":{"line":17,"column":3}},"line":10}},"branchMap":{"0":{"loc":{"start":{"line":11,"column":4},"end":{"line":13,"column":5}},"type":"if","locations":[{"start":{"line":11,"column":4},"end":{"line":13,"column":5}},{"start":{"line":11,"column":4},"end":{"line":13,"column":5}}],"line":11},"1":{"loc":{"start":{"line":13,"column":6},"end":{"line":15,"column":5}},"type":"if","locations":[{"start":{"line":13,"column":6},"end":{"line":15,"column":5}},{"start":{"line":13,"column":6},"end":{"line":15,"column":5}}],"line":13}},"s":{"0":2,"1":3,"2":3,"3":15,"4":0,"5":15,"6":0,"7":15,"8":3,"9":2},"f":{"0":3,"1":15},"b":{"0":[0,15],"1":[0,15]},"_coverageSchema":"332fd63041d2c1bcb487cc26dd0d5f7d97098a6c","hash":"29087c75a1336282557033ea105076df3d55e770"}
,"/Users/cels4/Desktop/hrsf102-reviews-service/client/components/HostComments.jsx": {"path":"/Users/cels4/Desktop/hrsf102-reviews-service/client/components/HostComments.jsx","statementMap":{"0":{"start":{"line":6,"column":15},"end":{"line":6,"column":32}},"1":{"start":{"line":8,"column":21},"end":{"line":30,"column":1}},"2":{"start":{"line":9,"column":2},"end":{"line":29,"column":4}},"3":{"start":{"line":32,"column":0},"end":{"line":35,"column":2}}},"fnMap":{"0":{"name":"(anonymous_0)","decl":{"start":{"line":8,"column":21},"end":{"line":8,"column":22}},"loc":{"start":{"line":8,"column":43},"end":{"line":30,"column":1}},"line":8}},"branchMap":{},"s":{"0":3,"1":3,"2":1,"3":3},"f":{"0":1},"b":{},"_coverageSchema":"332fd63041d2c1bcb487cc26dd0d5f7d97098a6c","hash":"7cdbb1e7c92dfcdfd7bdcbc3dc622ea0830546dc"}
,"/Users/cels4/Desktop/hrsf102-reviews-service/client/components/ModalButton.jsx": {"path":"/Users/cels4/Desktop/hrsf102-reviews-service/client/components/ModalButton.jsx","statementMap":{"0":{"start":{"line":7,"column":20},"end":{"line":17,"column":1}},"1":{"start":{"line":8,"column":4},"end":{"line":16,"column":10}},"2":{"start":{"line":14,"column":73},"end":{"line":14,"column":86}}},"fnMap":{"0":{"name":"(anonymous_0)","decl":{"start":{"line":7,"column":20},"end":{"line":7,"column":21}},"loc":{"start":{"line":8,"column":4},"end":{"line":16,"column":10}},"line":8},"1":{"name":"(anonymous_1)","decl":{"start":{"line":14,"column":67},"end":{"line":14,"column":68}},"loc":{"start":{"line":14,"column":73},"end":{"line":14,"column":86}},"line":14}},"branchMap":{},"s":{"0":1,"1":0,"2":0},"f":{"0":0,"1":0},"b":{},"_coverageSchema":"332fd63041d2c1bcb487cc26dd0d5f7d97098a6c","hash":"fcbed7b8e53fd8d33bed0c265f320090c1a457d3"}
,"/Users/cels4/Desktop/hrsf102-reviews-service/client/components/ModalContainer.jsx": {"path":"/Users/cels4/Desktop/hrsf102-reviews-service/client/components/ModalContainer.jsx","statementMap":{"0":{"start":{"line":8,"column":23},"end":{"line":52,"column":1}},"1":{"start":{"line":9,"column":2},"end":{"line":51,"column":8}},"2":{"start":{"line":10,"column":56},"end":{"line":10,"column":71}},"3":{"start":{"line":16,"column":27},"end":{"line":16,"column":42}}},"fnMap":{"0":{"name":"(anonymous_0)","decl":{"start":{"line":8,"column":23},"end":{"line":8,"column":24}},"loc":{"start":{"line":9,"column":2},"end":{"line":51,"column":8}},"line":9},"1":{"name":"(anonymous_1)","decl":{"start":{"line":10,"column":50},"end":{"line":10,"column":51}},"loc":{"start":{"line":10,"column":56},"end":{"line":10,"column":71}},"line":10},"2":{"name":"(anonymous_2)","decl":{"start":{"line":16,"column":21},"end":{"line":16,"column":22}},"loc":{"start":{"line":16,"column":27},"end":{"line":16,"column":42}},"line":16}},"branchMap":{"0":{"loc":{"start":{"line":44,"column":21},"end":{"line":44,"column":77}},"type":"cond-expr","locations":[{"start":{"line":44,"column":36},"end":{"line":44,"column":53}},{"start":{"line":44,"column":56},"end":{"line":44,"column":77}}],"line":44}},"s":{"0":1,"1":0,"2":0,"3":0},"f":{"0":0,"1":0,"2":0},"b":{"0":[0,0]},"_coverageSchema":"332fd63041d2c1bcb487cc26dd0d5f7d97098a6c","hash":"38e98011a5b3c95b0bd36c2f07ade883c102774b"}
,"/Users/cels4/Desktop/hrsf102-reviews-service/client/components/Review.jsx": {"path":"/Users/cels4/Desktop/hrsf102-reviews-service/client/components/Review.jsx","statementMap":{"0":{"start":{"line":8,"column":15},"end":{"line":23,"column":1}},"1":{"start":{"line":9,"column":2},"end":{"line":16,"column":3}},"2":{"start":{"line":10,"column":4},"end":{"line":15,"column":6}},"3":{"start":{"line":17,"column":2},"end":{"line":22,"column":12}},"4":{"start":{"line":25,"column":0},"end":{"line":28,"column":2}}},"fnMap":{"0":{"name":"(anonymous_0)","decl":{"start":{"line":8,"column":15},"end":{"line":8,"column":16}},"loc":{"start":{"line":8,"column":26},"end":{"line":23,"column":1}},"line":8}},"branchMap":{"0":{"loc":{"start":{"line":9,"column":2},"end":{"line":16,"column":3}},"type":"if","locations":[{"start":{"line":9,"column":2},"end":{"line":16,"column":3}},{"start":{"line":9,"column":2},"end":{"line":16,"column":3}}],"line":9}},"s":{"0":2,"1":1,"2":0,"3":1,"4":2},"f":{"0":1},"b":{"0":[0,1]},"_coverageSchema":"332fd63041d2c1bcb487cc26dd0d5f7d97098a6c","hash":"2e69279cac48ff7c5ec6ef06448d63c4802b04cf"}
,"/Users/cels4/Desktop/hrsf102-reviews-service/client/components/ReviewList.jsx": {"path":"/Users/cels4/Desktop/hrsf102-reviews-service/client/components/ReviewList.jsx","statementMap":{"0":{"start":{"line":10,"column":4},"end":{"line":10,"column":17}},"1":{"start":{"line":11,"column":4},"end":{"line":16,"column":6}},"2":{"start":{"line":20,"column":4},"end":{"line":25,"column":5}},"3":{"start":{"line":21,"column":6},"end":{"line":24,"column":9}},"4":{"start":{"line":23,"column":90},"end":{"line":23,"column":91}},"5":{"start":{"line":29,"column":16},"end":{"line":29,"column":24}},"6":{"start":{"line":30,"column":18},"end":{"line":30,"column":25}},"7":{"start":{"line":31,"column":4},"end":{"line":34,"column":7}},"8":{"start":{"line":38,"column":4},"end":{"line":40,"column":5}},"9":{"start":{"line":39,"column":6},"end":{"line":39,"column":51}},"10":{"start":{"line":44,"column":4},"end":{"line":46,"column":5}},"11":{"start":{"line":45,"column":6},"end":{"line":45,"column":51}},"12":{"start":{"line":50,"column":4},"end":{"line":52,"column":7}},"13":{"start":{"line":56,"column":4},"end":{"line":58,"column":7}},"14":{"start":{"line":62,"column":24},"end":{"line":62,"column":46}},"15":{"start":{"line":63,"column":27},"end":{"line":67,"column":5}},"16":{"start":{"line":64,"column":6},"end":{"line":66,"column":7}},"17":{"start":{"line":65,"column":8},"end":{"line":65,"column":111}},"18":{"start":{"line":65,"column":76},"end":{"line":65,"column":93}},"19":{"start":{"line":68,"column":23},"end":{"line":72,"column":5}},"20":{"start":{"line":69,"column":6},"end":{"line":71,"column":7}},"21":{"start":{"line":70,"column":8},"end":{"line":70,"column":111}},"22":{"start":{"line":70,"column":76},"end":{"line":70,"column":93}},"23":{"start":{"line":73,"column":4},"end":{"line":100,"column":6}},"24":{"start":{"line":77,"column":48},"end":{"line":77,"column":139}},"25":{"start":{"line":83,"column":14},"end":{"line":92,"column":15}},"26":{"start":{"line":84,"column":16},"end":{"line":91,"column":18}},"27":{"start":{"line":88,"column":35},"end":{"line":88,"column":63}},"28":{"start":{"line":93,"column":14},"end":{"line":93,"column":136}},"29":{"start":{"line":93,"column":83},"end":{"line":93,"column":111}}},"fnMap":{"0":{"name":"(anonymous_0)","decl":{"start":{"line":9,"column":2},"end":{"line":9,"column":3}},"loc":{"start":{"line":9,"column":21},"end":{"line":17,"column":3}},"line":9},"1":{"name":"(anonymous_1)","decl":{"start":{"line":19,"column":2},"end":{"line":19,"column":3}},"loc":{"start":{"line":19,"column":32},"end":{"line":26,"column":3}},"line":19},"2":{"name":"(anonymous_2)","decl":{"start":{"line":23,"column":80},"end":{"line":23,"column":81}},"loc":{"start":{"line":23,"column":90},"end":{"line":23,"column":91}},"line":23},"3":{"name":"(anonymous_3)","decl":{"start":{"line":28,"column":2},"end":{"line":28,"column":3}},"loc":{"start":{"line":28,"column":20},"end":{"line":35,"column":3}},"line":28},"4":{"name":"(anonymous_4)","decl":{"start":{"line":37,"column":2},"end":{"line":37,"column":3}},"loc":{"start":{"line":37,"column":15},"end":{"line":41,"column":3}},"line":37},"5":{"name":"(anonymous_5)","decl":{"start":{"line":43,"column":2},"end":{"line":43,"column":3}},"loc":{"start":{"line":43,"column":15},"end":{"line":47,"column":3}},"line":43},"6":{"name":"(anonymous_6)","decl":{"start":{"line":49,"column":2},"end":{"line":49,"column":3}},"loc":{"start":{"line":49,"column":18},"end":{"line":53,"column":3}},"line":49},"7":{"name":"(anonymous_7)","decl":{"start":{"line":55,"column":2},"end":{"line":55,"column":3}},"loc":{"start":{"line":55,"column":18},"end":{"line":59,"column":3}},"line":55},"8":{"name":"(anonymous_8)","decl":{"start":{"line":61,"column":2},"end":{"line":61,"column":3}},"loc":{"start":{"line":61,"column":11},"end":{"line":101,"column":3}},"line":61},"9":{"name":"(anonymous_9)","decl":{"start":{"line":63,"column":27},"end":{"line":63,"column":28}},"loc":{"start":{"line":63,"column":33},"end":{"line":67,"column":5}},"line":63},"10":{"name":"(anonymous_10)","decl":{"start":{"line":65,"column":70},"end":{"line":65,"column":71}},"loc":{"start":{"line":65,"column":76},"end":{"line":65,"column":93}},"line":65},"11":{"name":"(anonymous_11)","decl":{"start":{"line":68,"column":23},"end":{"line":68,"column":24}},"loc":{"start":{"line":68,"column":29},"end":{"line":72,"column":5}},"line":68},"12":{"name":"(anonymous_12)","decl":{"start":{"line":70,"column":70},"end":{"line":70,"column":71}},"loc":{"start":{"line":70,"column":76},"end":{"line":70,"column":93}},"line":70},"13":{"name":"(anonymous_13)","decl":{"start":{"line":77,"column":38},"end":{"line":77,"column":39}},"loc":{"start":{"line":77,"column":48},"end":{"line":77,"column":139}},"line":77},"14":{"name":"(anonymous_14)","decl":{"start":{"line":82,"column":35},"end":{"line":82,"column":36}},"loc":{"start":{"line":82,"column":54},"end":{"line":94,"column":13}},"line":82},"15":{"name":"(anonymous_15)","decl":{"start":{"line":88,"column":29},"end":{"line":88,"column":30}},"loc":{"start":{"line":88,"column":35},"end":{"line":88,"column":63}},"line":88},"16":{"name":"(anonymous_16)","decl":{"start":{"line":93,"column":77},"end":{"line":93,"column":78}},"loc":{"start":{"line":93,"column":83},"end":{"line":93,"column":111}},"line":93}},"branchMap":{"0":{"loc":{"start":{"line":20,"column":4},"end":{"line":25,"column":5}},"type":"if","locations":[{"start":{"line":20,"column":4},"end":{"line":25,"column":5}},{"start":{"line":20,"column":4},"end":{"line":25,"column":5}}],"line":20},"1":{"loc":{"start":{"line":38,"column":4},"end":{"line":40,"column":5}},"type":"if","locations":[{"start":{"line":38,"column":4},"end":{"line":40,"column":5}},{"start":{"line":38,"column":4},"end":{"line":40,"column":5}}],"line":38},"2":{"loc":{"start":{"line":44,"column":4},"end":{"line":46,"column":5}},"type":"if","locations":[{"start":{"line":44,"column":4},"end":{"line":46,"column":5}},{"start":{"line":44,"column":4},"end":{"line":46,"column":5}}],"line":44},"3":{"loc":{"start":{"line":64,"column":6},"end":{"line":66,"column":7}},"type":"if","locations":[{"start":{"line":64,"column":6},"end":{"line":66,"column":7}},{"start":{"line":64,"column":6},"end":{"line":66,"column":7}}],"line":64},"4":{"loc":{"start":{"line":69,"column":6},"end":{"line":71,"column":7}},"type":"if","locations":[{"start":{"line":69,"column":6},"end":{"line":71,"column":7}},{"start":{"line":69,"column":6},"end":{"line":71,"column":7}}],"line":69},"5":{"loc":{"start":{"line":83,"column":14},"end":{"line":92,"column":15}},"type":"if","locations":[{"start":{"line":83,"column":14},"end":{"line":92,"column":15}},{"start":{"line":83,"column":14},"end":{"line":92,"column":15}}],"line":83}},"s":{"0":1,"1":1,"2":2,"3":0,"4":0,"5":0,"6":0,"7":0,"8":0,"9":0,"10":0,"11":0,"12":0,"13":0,"14":3,"15":3,"16":3,"17":0,"18":0,"19":3,"20":3,"21":3,"22":0,"23":3,"24":0,"25":0,"26":0,"27":0,"28":0,"29":0},"f":{"0":1,"1":2,"2":0,"3":0,"4":0,"5":0,"6":0,"7":0,"8":3,"9":3,"10":0,"11":3,"12":0,"13":0,"14":0,"15":0,"16":0},"b":{"0":[0,2],"1":[0,0],"2":[0,0],"3":[0,3],"4":[3,0],"5":[0,0]},"_coverageSchema":"332fd63041d2c1bcb487cc26dd0d5f7d97098a6c","hash":"e4ef598ca443b5aed893e9d305a10a4a25f48e90"}
,"/Users/cels4/Desktop/hrsf102-reviews-service/client/components/ReviewSummary.jsx": {"path":"/Users/cels4/Desktop/hrsf102-reviews-service/client/components/ReviewSummary.jsx","statementMap":{"0":{"start":{"line":11,"column":4},"end":{"line":11,"column":17}},"1":{"start":{"line":12,"column":4},"end":{"line":22,"column":6}},"2":{"start":{"line":26,"column":4},"end":{"line":32,"column":5}},"3":{"start":{"line":27,"column":6},"end":{"line":31,"column":9}},"4":{"start":{"line":36,"column":17},"end":{"line":43,"column":5}},"5":{"start":{"line":44,"column":4},"end":{"line":50,"column":7}},"6":{"start":{"line":45,"column":6},"end":{"line":49,"column":9}},"7":{"start":{"line":46,"column":28},"end":{"line":46,"column":45}},"8":{"start":{"line":47,"column":23},"end":{"line":47,"column":43}},"9":{"start":{"line":48,"column":8},"end":{"line":48,"column":36}},"10":{"start":{"line":51,"column":26},"end":{"line":51,"column":28}},"11":{"start":{"line":52,"column":4},"end":{"line":56,"column":7}},"12":{"start":{"line":53,"column":20},"end":{"line":53,"column":70}},"13":{"start":{"line":54,"column":23},"end":{"line":54,"column":30}},"14":{"start":{"line":55,"column":6},"end":{"line":55,"column":48}},"15":{"start":{"line":57,"column":4},"end":{"line":57,"column":25}},"16":{"start":{"line":61,"column":16},"end":{"line":61,"column":17}},"17":{"start":{"line":62,"column":4},"end":{"line":66,"column":7}},"18":{"start":{"line":63,"column":26},"end":{"line":63,"column":45}},"19":{"start":{"line":64,"column":21},"end":{"line":64,"column":43}},"20":{"start":{"line":65,"column":6},"end":{"line":65,"column":30}},"21":{"start":{"line":67,"column":4},"end":{"line":67,"column":24}},"22":{"start":{"line":68,"column":4},"end":{"line":68,"column":30}},"23":{"start":{"line":72,"column":4},"end":{"line":72,"column":26}},"24":{"start":{"line":73,"column":4},"end":{"line":75,"column":7}},"25":{"start":{"line":79,"column":14},"end":{"line":79,"column":20}},"26":{"start":{"line":80,"column":18},"end":{"line":80,"column":20}},"27":{"start":{"line":81,"column":4},"end":{"line":90,"column":5}},"28":{"start":{"line":82,"column":6},"end":{"line":88,"column":7}},"29":{"start":{"line":83,"column":8},"end":{"line":83,"column":28}},"30":{"start":{"line":84,"column":13},"end":{"line":88,"column":7}},"31":{"start":{"line":85,"column":8},"end":{"line":85,"column":27}},"32":{"start":{"line":87,"column":8},"end":{"line":87,"column":28}},"33":{"start":{"line":89,"column":6},"end":{"line":89,"column":12}},"34":{"start":{"line":91,"column":4},"end":{"line":91,"column":17}},"35":{"start":{"line":96,"column":18},"end":{"line":96,"column":28}},"36":{"start":{"line":97,"column":4},"end":{"line":119,"column":5}},"37":{"start":{"line":98,"column":6},"end":{"line":118,"column":8}},"38":{"start":{"line":120,"column":4},"end":{"line":140,"column":6}}},"fnMap":{"0":{"name":"(anonymous_0)","decl":{"start":{"line":10,"column":2},"end":{"line":10,"column":3}},"loc":{"start":{"line":10,"column":21},"end":{"line":23,"column":3}},"line":10},"1":{"name":"(anonymous_1)","decl":{"start":{"line":25,"column":2},"end":{"line":25,"column":3}},"loc":{"start":{"line":25,"column":32},"end":{"line":33,"column":3}},"line":25},"2":{"name":"(anonymous_2)","decl":{"start":{"line":35,"column":2},"end":{"line":35,"column":3}},"loc":{"start":{"line":35,"column":16},"end":{"line":58,"column":3}},"line":35},"3":{"name":"(anonymous_3)","decl":{"start":{"line":44,"column":31},"end":{"line":44,"column":32}},"loc":{"start":{"line":44,"column":43},"end":{"line":50,"column":5}},"line":44},"4":{"name":"(anonymous_4)","decl":{"start":{"line":45,"column":28},"end":{"line":45,"column":29}},"loc":{"start":{"line":45,"column":38},"end":{"line":49,"column":7}},"line":45},"5":{"name":"(anonymous_5)","decl":{"start":{"line":52,"column":33},"end":{"line":52,"column":34}},"loc":{"start":{"line":52,"column":43},"end":{"line":56,"column":5}},"line":52},"6":{"name":"(anonymous_6)","decl":{"start":{"line":60,"column":2},"end":{"line":60,"column":3}},"loc":{"start":{"line":60,"column":24},"end":{"line":69,"column":3}},"line":60},"7":{"name":"(anonymous_7)","decl":{"start":{"line":62,"column":16},"end":{"line":62,"column":17}},"loc":{"start":{"line":62,"column":28},"end":{"line":66,"column":5}},"line":62},"8":{"name":"(anonymous_8)","decl":{"start":{"line":71,"column":2},"end":{"line":71,"column":3}},"loc":{"start":{"line":71,"column":18},"end":{"line":76,"column":3}},"line":71},"9":{"name":"(anonymous_9)","decl":{"start":{"line":78,"column":2},"end":{"line":78,"column":3}},"loc":{"start":{"line":78,"column":24},"end":{"line":92,"column":3}},"line":78},"10":{"name":"(anonymous_10)","decl":{"start":{"line":95,"column":2},"end":{"line":95,"column":3}},"loc":{"start":{"line":95,"column":11},"end":{"line":141,"column":3}},"line":95}},"branchMap":{"0":{"loc":{"start":{"line":26,"column":4},"end":{"line":32,"column":5}},"type":"if","locations":[{"start":{"line":26,"column":4},"end":{"line":32,"column":5}},{"start":{"line":26,"column":4},"end":{"line":32,"column":5}}],"line":26},"1":{"loc":{"start":{"line":82,"column":6},"end":{"line":88,"column":7}},"type":"if","locations":[{"start":{"line":82,"column":6},"end":{"line":88,"column":7}},{"start":{"line":82,"column":6},"end":{"line":88,"column":7}}],"line":82},"2":{"loc":{"start":{"line":84,"column":13},"end":{"line":88,"column":7}},"type":"if","locations":[{"start":{"line":84,"column":13},"end":{"line":88,"column":7}},{"start":{"line":84,"column":13},"end":{"line":88,"column":7}}],"line":84},"3":{"loc":{"start":{"line":97,"column":4},"end":{"line":119,"column":5}},"type":"if","locations":[{"start":{"line":97,"column":4},"end":{"line":119,"column":5}},{"start":{"line":97,"column":4},"end":{"line":119,"column":5}}],"line":97}},"s":{"0":2,"1":2,"2":2,"3":0,"4":0,"5":0,"6":0,"7":0,"8":0,"9":0,"10":0,"11":0,"12":0,"13":0,"14":0,"15":0,"16":0,"17":0,"18":0,"19":0,"20":0,"21":0,"22":0,"23":0,"24":0,"25":21,"26":21,"27":21,"28":105,"29":0,"30":105,"31":0,"32":105,"33":105,"34":21,"35":4,"36":4,"37":3,"38":1},"f":{"0":2,"1":2,"2":0,"3":0,"4":0,"5":0,"6":0,"7":0,"8":0,"9":21,"10":4},"b":{"0":[0,2],"1":[0,105],"2":[0,105],"3":[3,1]},"_coverageSchema":"332fd63041d2c1bcb487cc26dd0d5f7d97098a6c","hash":"047715f769b97be4b73a5869088cec796dc67656"}
,"/Users/cels4/Desktop/hrsf102-reviews-service/client/components/ReviewSummaryLine.jsx": {"path":"/Users/cels4/Desktop/hrsf102-reviews-service/client/components/ReviewSummaryLine.jsx","statementMap":{"0":{"start":{"line":7,"column":26},"end":{"line":33,"column":1}},"1":{"start":{"line":8,"column":22},"end":{"line":8,"column":43}},"2":{"start":{"line":9,"column":17},"end":{"line":9,"column":41}},"3":{"start":{"line":10,"column":16},"end":{"line":17,"column":4}},"4":{"start":{"line":11,"column":4},"end":{"line":13,"column":5}},"5":{"start":{"line":12,"column":6},"end":{"line":12,"column":62}},"6":{"start":{"line":13,"column":6},"end":{"line":15,"column":5}},"7":{"start":{"line":14,"column":6},"end":{"line":14,"column":71}},"8":{"start":{"line":16,"column":4},"end":{"line":16,"column":60}},"9":{"start":{"line":19,"column":2},"end":{"line":32,"column":4}},"10":{"start":{"line":34,"column":0},"end":{"line":37,"column":2}}},"fnMap":{"0":{"name":"(anonymous_0)","decl":{"start":{"line":7,"column":26},"end":{"line":7,"column":27}},"loc":{"start":{"line":7,"column":59},"end":{"line":33,"column":1}},"line":7},"1":{"name":"(anonymous_1)","decl":{"start":{"line":10,"column":42},"end":{"line":10,"column":43}},"loc":{"start":{"line":10,"column":52},"end":{"line":17,"column":3}},"line":10}},"branchMap":{"0":{"loc":{"start":{"line":11,"column":4},"end":{"line":13,"column":5}},"type":"if","locations":[{"start":{"line":11,"column":4},"end":{"line":13,"column":5}},{"start":{"line":11,"column":4},"end":{"line":13,"column":5}}],"line":11},"1":{"loc":{"start":{"line":13,"column":6},"end":{"line":15,"column":5}},"type":"if","locations":[{"start":{"line":13,"column":6},"end":{"line":15,"column":5}},{"start":{"line":13,"column":6},"end":{"line":15,"column":5}}],"line":13}},"s":{"0":2,"1":18,"2":18,"3":18,"4":90,"5":0,"6":90,"7":0,"8":90,"9":18,"10":2},"f":{"0":18,"1":90},"b":{"0":[0,90],"1":[0,90]},"_coverageSchema":"332fd63041d2c1bcb487cc26dd0d5f7d97098a6c","hash":"dac2de5cfc2d25470a99c3380479dc5526759fed"}
,"/Users/cels4/Desktop/hrsf102-reviews-service/client/components/ReviewWithoutComments.jsx": {"path":"/Users/cels4/Desktop/hrsf102-reviews-service/client/components/ReviewWithoutComments.jsx","statementMap":{"0":{"start":{"line":6,"column":15},"end":{"line":6,"column":32}},"1":{"start":{"line":8,"column":30},"end":{"line":32,"column":1}},"2":{"start":{"line":9,"column":2},"end":{"line":31,"column":8}},"3":{"start":{"line":19,"column":51},"end":{"line":19,"column":62}},"4":{"start":{"line":34,"column":0},"end":{"line":36,"column":2}}},"fnMap":{"0":{"name":"(anonymous_0)","decl":{"start":{"line":8,"column":30},"end":{"line":8,"column":31}},"loc":{"start":{"line":9,"column":2},"end":{"line":31,"column":8}},"line":9},"1":{"name":"(anonymous_1)","decl":{"start":{"line":19,"column":45},"end":{"line":19,"column":46}},"loc":{"start":{"line":19,"column":51},"end":{"line":19,"column":62}},"line":19}},"branchMap":{},"s":{"0":2,"1":2,"2":0,"3":0,"4":2},"f":{"0":0,"1":0},"b":{},"_coverageSchema":"332fd63041d2c1bcb487cc26dd0d5f7d97098a6c","hash":"f54e8febb55a8bb340bc506a56215f76e9d6ab02"}
,"/Users/cels4/Desktop/hrsf102-reviews-service/client/components/Search.jsx": {"path":"/Users/cels4/Desktop/hrsf102-reviews-service/client/components/Search.jsx","statementMap":{"0":{"start":{"line":8,"column":4},"end":{"line":8,"column":17}},"1":{"start":{"line":9,"column":4},"end":{"line":11,"column":6}},"2":{"start":{"line":16,"column":4},"end":{"line":18,"column":7}},"3":{"start":{"line":22,"column":23},"end":{"line":22,"column":41}},"4":{"start":{"line":23,"column":4},"end":{"line":26,"column":5}},"5":{"start":{"line":24,"column":6},"end":{"line":24,"column":26}},"6":{"start":{"line":25,"column":6},"end":{"line":25,"column":34}},"7":{"start":{"line":30,"column":4},"end":{"line":45,"column":6}},"8":{"start":{"line":41,"column":29},"end":{"line":41,"column":51}}},"fnMap":{"0":{"name":"(anonymous_0)","decl":{"start":{"line":7,"column":2},"end":{"line":7,"column":3}},"loc":{"start":{"line":7,"column":21},"end":{"line":12,"column":3}},"line":7},"1":{"name":"(anonymous_1)","decl":{"start":{"line":15,"column":2},"end":{"line":15,"column":3}},"loc":{"start":{"line":15,"column":14},"end":{"line":19,"column":3}},"line":15},"2":{"name":"(anonymous_2)","decl":{"start":{"line":21,"column":2},"end":{"line":21,"column":3}},"loc":{"start":{"line":21,"column":20},"end":{"line":27,"column":3}},"line":21},"3":{"name":"(anonymous_3)","decl":{"start":{"line":29,"column":2},"end":{"line":29,"column":3}},"loc":{"start":{"line":29,"column":11},"end":{"line":46,"column":3}},"line":29},"4":{"name":"(anonymous_4)","decl":{"start":{"line":41,"column":24},"end":{"line":41,"column":25}},"loc":{"start":{"line":41,"column":29},"end":{"line":41,"column":51}},"line":41}},"branchMap":{"0":{"loc":{"start":{"line":23,"column":4},"end":{"line":26,"column":5}},"type":"if","locations":[{"start":{"line":23,"column":4},"end":{"line":26,"column":5}},{"start":{"line":23,"column":4},"end":{"line":26,"column":5}}],"line":23}},"s":{"0":1,"1":1,"2":0,"3":0,"4":0,"5":0,"6":0,"7":3,"8":0},"f":{"0":1,"1":0,"2":0,"3":3,"4":0},"b":{"0":[0,0]},"_coverageSchema":"332fd63041d2c1bcb487cc26dd0d5f7d97098a6c","hash":"07f57095dbfcc39b5d87609dde233a639d179a93"}
,"/Users/cels4/Desktop/hrsf102-reviews-service/client/components/SubHeader.jsx": {"path":"/Users/cels4/Desktop/hrsf102-reviews-service/client/components/SubHeader.jsx","statementMap":{"0":{"start":{"line":7,"column":18},"end":{"line":20,"column":1}},"1":{"start":{"line":8,"column":2},"end":{"line":13,"column":3}},"2":{"start":{"line":9,"column":4},"end":{"line":12,"column":14}},"3":{"start":{"line":11,"column":36},"end":{"line":11,"column":107}},"4":{"start":{"line":14,"column":2},"end":{"line":19,"column":4}},"5":{"start":{"line":17,"column":68},"end":{"line":17,"column":80}},"6":{"start":{"line":22,"column":0},"end":{"line":29,"column":2}}},"fnMap":{"0":{"name":"(anonymous_0)","decl":{"start":{"line":7,"column":18},"end":{"line":7,"column":19}},"loc":{"start":{"line":7,"column":88},"end":{"line":20,"column":1}},"line":7},"1":{"name":"(anonymous_1)","decl":{"start":{"line":11,"column":24},"end":{"line":11,"column":25}},"loc":{"start":{"line":11,"column":36},"end":{"line":11,"column":107}},"line":11},"2":{"name":"(anonymous_2)","decl":{"start":{"line":17,"column":62},"end":{"line":17,"column":63}},"loc":{"start":{"line":17,"column":68},"end":{"line":17,"column":80}},"line":17}},"branchMap":{"0":{"loc":{"start":{"line":8,"column":2},"end":{"line":13,"column":3}},"type":"if","locations":[{"start":{"line":8,"column":2},"end":{"line":13,"column":3}},{"start":{"line":8,"column":2},"end":{"line":13,"column":3}}],"line":8}},"s":{"0":2,"1":3,"2":3,"3":18,"4":0,"5":0,"6":2},"f":{"0":3,"1":18,"2":0},"b":{"0":[3,0]},"_coverageSchema":"332fd63041d2c1bcb487cc26dd0d5f7d97098a6c","hash":"b4413e80c9d3becf44f274f54e9043e6749ebf97"}
,"/Users/cels4/Desktop/hrsf102-reviews-service/client/components/app.jsx": {"path":"/Users/cels4/Desktop/hrsf102-reviews-service/client/components/app.jsx","statementMap":{"0":{"start":{"line":12,"column":4},"end":{"line":12,"column":17}},"1":{"start":{"line":13,"column":4},"end":{"line":19,"column":6}},"2":{"start":{"line":23,"column":4},"end":{"line":23,"column":26}},"3":{"start":{"line":27,"column":15},"end":{"line":27,"column":21}},"4":{"start":{"line":28,"column":4},"end":{"line":30,"column":5}},"5":{"start":{"line":29,"column":6},"end":{"line":29,"column":16}},"6":{"start":{"line":31,"column":4},"end":{"line":31,"column":35}},"7":{"start":{"line":32,"column":4},"end":{"line":43,"column":56}},"8":{"start":{"line":37,"column":8},"end":{"line":41,"column":11}},"9":{"start":{"line":43,"column":18},"end":{"line":43,"column":54}},"10":{"start":{"line":47,"column":4},"end":{"line":47,"column":42}},"11":{"start":{"line":48,"column":4},"end":{"line":50,"column":7}},"12":{"start":{"line":54,"column":23},"end":{"line":54,"column":25}},"13":{"start":{"line":55,"column":4},"end":{"line":59,"column":7}},"14":{"start":{"line":56,"column":6},"end":{"line":58,"column":7}},"15":{"start":{"line":57,"column":8},"end":{"line":57,"column":32}},"16":{"start":{"line":60,"column":4},"end":{"line":63,"column":7}},"17":{"start":{"line":67,"column":14},"end":{"line":67,"column":24}},"18":{"start":{"line":68,"column":4},"end":{"line":79,"column":6}}},"fnMap":{"0":{"name":"(anonymous_0)","decl":{"start":{"line":11,"column":2},"end":{"line":11,"column":3}},"loc":{"start":{"line":11,"column":21},"end":{"line":20,"column":3}},"line":11},"1":{"name":"(anonymous_1)","decl":{"start":{"line":22,"column":2},"end":{"line":22,"column":3}},"loc":{"start":{"line":22,"column":22},"end":{"line":24,"column":3}},"line":22},"2":{"name":"(anonymous_2)","decl":{"start":{"line":26,"column":2},"end":{"line":26,"column":3}},"loc":{"start":{"line":26,"column":62},"end":{"line":44,"column":3}},"line":26},"3":{"name":"(anonymous_3)","decl":{"start":{"line":36,"column":12},"end":{"line":36,"column":13}},"loc":{"start":{"line":36,"column":22},"end":{"line":42,"column":7}},"line":36},"4":{"name":"(anonymous_4)","decl":{"start":{"line":43,"column":12},"end":{"line":43,"column":13}},"loc":{"start":{"line":43,"column":18},"end":{"line":43,"column":54}},"line":43},"5":{"name":"(anonymous_5)","decl":{"start":{"line":46,"column":2},"end":{"line":46,"column":3}},"loc":{"start":{"line":46,"column":15},"end":{"line":51,"column":3}},"line":46},"6":{"name":"(anonymous_6)","decl":{"start":{"line":53,"column":2},"end":{"line":53,"column":3}},"loc":{"start":{"line":53,"column":22},"end":{"line":64,"column":3}},"line":53},"7":{"name":"(anonymous_7)","decl":{"start":{"line":55,"column":31},"end":{"line":55,"column":32}},"loc":{"start":{"line":55,"column":43},"end":{"line":59,"column":5}},"line":55},"8":{"name":"(anonymous_8)","decl":{"start":{"line":66,"column":2},"end":{"line":66,"column":3}},"loc":{"start":{"line":66,"column":11},"end":{"line":80,"column":3}},"line":66}},"branchMap":{"0":{"loc":{"start":{"line":26,"column":21},"end":{"line":26,"column":60}},"type":"default-arg","locations":[{"start":{"line":26,"column":30},"end":{"line":26,"column":60}}],"line":26},"1":{"loc":{"start":{"line":28,"column":4},"end":{"line":30,"column":5}},"type":"if","locations":[{"start":{"line":28,"column":4},"end":{"line":30,"column":5}},{"start":{"line":28,"column":4},"end":{"line":30,"column":5}}],"line":28},"2":{"loc":{"start":{"line":56,"column":6},"end":{"line":58,"column":7}},"type":"if","locations":[{"start":{"line":56,"column":6},"end":{"line":58,"column":7}},{"start":{"line":56,"column":6},"end":{"line":58,"column":7}}],"line":56}},"s":{"0":2,"1":2,"2":3,"3":3,"4":3,"5":0,"6":3,"7":3,"8":0,"9":0,"10":0,"11":0,"12":0,"13":0,"14":0,"15":0,"16":0,"17":5,"18":5},"f":{"0":2,"1":3,"2":3,"3":0,"4":0,"5":0,"6":0,"7":0,"8":5},"b":{"0":[3],"1":[0,3],"2":[0,0]},"_coverageSchema":"332fd63041d2c1bcb487cc26dd0d5f7d97098a6c","hash":"cf245742d2f901dee3e43365bbdad2942ae9b2cf"}
,"/Users/cels4/Desktop/hrsf102-reviews-service/tests/configTests.js": {"path":"/Users/cels4/Desktop/hrsf102-reviews-service/tests/configTests.js","statementMap":{"0":{"start":{"line":4,"column":0},"end":{"line":4,"column":38}}},"fnMap":{},"branchMap":{},"s":{"0":4},"f":{},"b":{},"_coverageSchema":"332fd63041d2c1bcb487cc26dd0d5f7d97098a6c","hash":"32621a4e995add62646fa2b4c44856ca92a29c70"}
}
