TN:
SF:/Users/cels4/Desktop/hrsf102-reviews-service/client/components/FlagModal.jsx
FN:8,(anonymous_0)
FN:15,(anonymous_1)
FN:21,(anonymous_2)
FNF:3
FNH:2
FNDA:1,(anonymous_0)
FNDA:0,(anonymous_1)
FNDA:3,(anonymous_2)
DA:9,1
DA:10,1
DA:16,0
DA:22,3
DA:23,3
DA:24,3
DA:25,3
LF:7
LH:6
BRDA:25,0,0,0
BRDA:25,0,1,3
BRF:2
BRH:1
end_of_record
TN:
SF:/Users/cels4/Desktop/hrsf102-reviews-service/client/components/Header.jsx
FN:8,(anonymous_0)
FN:10,(anonymous_1)
FNF:2
FNH:2
FNDA:3,(anonymous_0)
FNDA:15,(anonymous_1)
DA:8,2
DA:9,3
DA:10,3
DA:11,15
DA:12,0
DA:13,15
DA:14,0
DA:16,15
DA:18,3
DA:34,2
LF:10
LH:8
BRDA:11,0,0,0
BRDA:11,0,1,15
BRDA:13,1,0,0
BRDA:13,1,1,15
BRF:4
BRH:2
end_of_record
TN:
SF:/Users/cels4/Desktop/hrsf102-reviews-service/client/components/HostComments.jsx
FN:8,(anonymous_0)
FNF:1
FNH:1
FNDA:1,(anonymous_0)
DA:6,3
DA:8,3
DA:9,1
DA:32,3
LF:4
LH:4
BRF:0
BRH:0
end_of_record
TN:
SF:/Users/cels4/Desktop/hrsf102-reviews-service/client/components/ModalButton.jsx
FN:7,(anonymous_0)
FN:14,(anonymous_1)
FNF:2
FNH:0
FNDA:0,(anonymous_0)
FNDA:0,(anonymous_1)
DA:7,1
DA:8,0
DA:14,0
LF:3
LH:1
BRF:0
BRH:0
end_of_record
TN:
SF:/Users/cels4/Desktop/hrsf102-reviews-service/client/components/ModalContainer.jsx
FN:8,(anonymous_0)
FN:10,(anonymous_1)
FN:16,(anonymous_2)
FNF:3
FNH:0
FNDA:0,(anonymous_0)
FNDA:0,(anonymous_1)
FNDA:0,(anonymous_2)
DA:8,1
DA:9,0
DA:10,0
DA:16,0
LF:4
LH:1
BRDA:44,0,0,0
BRDA:44,0,1,0
BRF:2
BRH:0
end_of_record
TN:
SF:/Users/cels4/Desktop/hrsf102-reviews-service/client/components/Review.jsx
FN:8,(anonymous_0)
FNF:1
FNH:1
FNDA:1,(anonymous_0)
DA:8,2
DA:9,1
DA:10,0
DA:17,1
DA:25,2
LF:5
LH:4
BRDA:9,0,0,0
BRDA:9,0,1,1
BRF:2
BRH:1
end_of_record
TN:
SF:/Users/cels4/Desktop/hrsf102-reviews-service/client/components/ReviewList.jsx
FN:9,(anonymous_0)
FN:19,(anonymous_1)
FN:23,(anonymous_2)
FN:28,(anonymous_3)
FN:37,(anonymous_4)
FN:43,(anonymous_5)
FN:49,(anonymous_6)
FN:55,(anonymous_7)
FN:61,(anonymous_8)
FN:63,(anonymous_9)
FN:65,(anonymous_10)
FN:68,(anonymous_11)
FN:70,(anonymous_12)
FN:77,(anonymous_13)
FN:82,(anonymous_14)
FN:88,(anonymous_15)
FN:93,(anonymous_16)
FNF:17
FNH:5
FNDA:1,(anonymous_0)
FNDA:2,(anonymous_1)
FNDA:0,(anonymous_2)
FNDA:0,(anonymous_3)
FNDA:0,(anonymous_4)
FNDA:0,(anonymous_5)
FNDA:0,(anonymous_6)
FNDA:0,(anonymous_7)
FNDA:3,(anonymous_8)
FNDA:3,(anonymous_9)
FNDA:0,(anonymous_10)
FNDA:3,(anonymous_11)
FNDA:0,(anonymous_12)
FNDA:0,(anonymous_13)
FNDA:0,(anonymous_14)
FNDA:0,(anonymous_15)
FNDA:0,(anonymous_16)
DA:10,1
DA:11,1
DA:20,2
DA:21,0
DA:23,0
DA:29,0
DA:30,0
DA:31,0
DA:38,0
DA:39,0
DA:44,0
DA:45,0
DA:50,0
DA:56,0
DA:62,3
DA:63,3
DA:64,3
DA:65,0
DA:68,3
DA:69,3
DA:70,3
DA:73,3
DA:77,0
DA:83,0
DA:84,0
DA:88,0
DA:93,0
LF:27
LH:10
BRDA:20,0,0,0
BRDA:20,0,1,2
BRDA:38,1,0,0
BRDA:38,1,1,0
BRDA:44,2,0,0
BRDA:44,2,1,0
BRDA:64,3,0,0
BRDA:64,3,1,3
BRDA:69,4,0,3
BRDA:69,4,1,0
BRDA:83,5,0,0
BRDA:83,5,1,0
BRF:12
BRH:3
end_of_record
TN:
SF:/Users/cels4/Desktop/hrsf102-reviews-service/client/components/ReviewSummary.jsx
FN:10,(anonymous_0)
FN:25,(anonymous_1)
FN:35,(anonymous_2)
FN:44,(anonymous_3)
FN:45,(anonymous_4)
FN:52,(anonymous_5)
FN:60,(anonymous_6)
FN:62,(anonymous_7)
FN:71,(anonymous_8)
FN:78,(anonymous_9)
FN:95,(anonymous_10)
FNF:11
FNH:4
FNDA:2,(anonymous_0)
FNDA:2,(anonymous_1)
FNDA:0,(anonymous_2)
FNDA:0,(anonymous_3)
FNDA:0,(anonymous_4)
FNDA:0,(anonymous_5)
FNDA:0,(anonymous_6)
FNDA:0,(anonymous_7)
FNDA:0,(anonymous_8)
FNDA:21,(anonymous_9)
FNDA:4,(anonymous_10)
DA:11,2
DA:12,2
DA:26,2
DA:27,0
DA:36,0
DA:44,0
DA:45,0
DA:46,0
DA:47,0
DA:48,0
DA:51,0
DA:52,0
DA:53,0
DA:54,0
DA:55,0
DA:57,0
DA:61,0
DA:62,0
DA:63,0
DA:64,0
DA:65,0
DA:67,0
DA:68,0
DA:72,0
DA:73,0
DA:79,21
DA:80,21
DA:81,21
DA:82,105
DA:83,0
DA:84,105
DA:85,0
DA:87,105
DA:89,105
DA:91,21
DA:96,4
DA:97,4
DA:98,3
DA:120,1
LF:39
LH:15
BRDA:26,0,0,0
BRDA:26,0,1,2
BRDA:82,1,0,0
BRDA:82,1,1,105
BRDA:84,2,0,0
BRDA:84,2,1,105
BRDA:97,3,0,3
BRDA:97,3,1,1
BRF:8
BRH:5
end_of_record
TN:
SF:/Users/cels4/Desktop/hrsf102-reviews-service/client/components/ReviewSummaryLine.jsx
FN:7,(anonymous_0)
FN:10,(anonymous_1)
FNF:2
FNH:2
FNDA:18,(anonymous_0)
FNDA:90,(anonymous_1)
DA:7,2
DA:8,18
DA:9,18
DA:10,18
DA:11,90
DA:12,0
DA:13,90
DA:14,0
DA:16,90
DA:19,18
DA:34,2
LF:11
LH:9
BRDA:11,0,0,0
BRDA:11,0,1,90
BRDA:13,1,0,0
BRDA:13,1,1,90
BRF:4
BRH:2
end_of_record
TN:
SF:/Users/cels4/Desktop/hrsf102-reviews-service/client/components/ReviewWithoutComments.jsx
FN:8,(anonymous_0)
FN:19,(anonymous_1)
FNF:2
FNH:0
FNDA:0,(anonymous_0)
FNDA:0,(anonymous_1)
DA:6,2
DA:8,2
DA:9,0
DA:19,0
DA:34,2
LF:5
LH:3
BRF:0
BRH:0
end_of_record
TN:
SF:/Users/cels4/Desktop/hrsf102-reviews-service/client/components/Search.jsx
FN:7,(anonymous_0)
FN:15,(anonymous_1)
FN:21,(anonymous_2)
FN:29,(anonymous_3)
FN:41,(anonymous_4)
FNF:5
FNH:2
FNDA:1,(anonymous_0)
FNDA:0,(anonymous_1)
FNDA:0,(anonymous_2)
FNDA:3,(anonymous_3)
FNDA:0,(anonymous_4)
DA:8,1
DA:9,1
DA:16,0
DA:22,0
DA:23,0
DA:24,0
DA:25,0
DA:30,3
DA:41,0
LF:9
LH:3
BRDA:23,0,0,0
BRDA:23,0,1,0
BRF:2
BRH:0
end_of_record
TN:
SF:/Users/cels4/Desktop/hrsf102-reviews-service/client/components/SubHeader.jsx
FN:7,(anonymous_0)
FN:11,(anonymous_1)
FN:17,(anonymous_2)
FNF:3
FNH:2
FNDA:3,(anonymous_0)
FNDA:18,(anonymous_1)
FNDA:0,(anonymous_2)
DA:7,2
DA:8,3
DA:9,3
DA:11,18
DA:14,0
DA:17,0
DA:22,2
LF:7
LH:5
BRDA:8,0,0,3
BRDA:8,0,1,0
BRF:2
BRH:1
end_of_record
TN:
SF:/Users/cels4/Desktop/hrsf102-reviews-service/client/components/app.jsx
FN:11,(anonymous_0)
FN:22,(anonymous_1)
FN:26,(anonymous_2)
FN:36,(anonymous_3)
FN:43,(anonymous_4)
FN:46,(anonymous_5)
FN:53,(anonymous_6)
FN:55,(anonymous_7)
FN:66,(anonymous_8)
FNF:9
FNH:4
FNDA:2,(anonymous_0)
FNDA:3,(anonymous_1)
FNDA:3,(anonymous_2)
FNDA:0,(anonymous_3)
FNDA:0,(anonymous_4)
FNDA:0,(anonymous_5)
FNDA:0,(anonymous_6)
FNDA:0,(anonymous_7)
FNDA:5,(anonymous_8)
DA:12,2
DA:13,2
DA:23,3
DA:27,3
DA:28,3
DA:29,0
DA:31,3
DA:32,3
DA:37,0
DA:43,0
DA:47,0
DA:48,0
DA:54,0
DA:55,0
DA:56,0
DA:57,0
DA:60,0
DA:67,5
DA:68,5
LF:19
LH:9
BRDA:26,0,0,3
BRDA:28,1,0,0
BRDA:28,1,1,3
BRDA:56,2,0,0
BRDA:56,2,1,0
BRF:5
BRH:2
end_of_record
TN:
SF:/Users/cels4/Desktop/hrsf102-reviews-service/tests/configTests.js
FNF:0
FNH:0
DA:4,4
LF:1
LH:1
BRF:0
BRH:0
end_of_record
