TN:
SF:/Users/cels4/Desktop/hrsf102-reviews-service/client/components/FlagModal.jsx
FN:6,(anonymous_0)
FNF:1
FNH:0
FNDA:0,(anonymous_0)
DA:6,1
DA:7,0
LF:2
LH:1
BRDA:8,0,0,0
BRDA:8,0,1,0
BRF:2
BRH:0
end_of_record
TN:
SF:/Users/cels4/Desktop/hrsf102-reviews-service/client/components/HostComments.jsx
FN:7,(anonymous_0)
FNF:1
FNH:1
FNDA:1,(anonymous_0)
DA:5,3
DA:7,3
DA:8,1
LF:3
LH:3
BRF:0
BRH:0
end_of_record
TN:
SF:/Users/cels4/Desktop/hrsf102-reviews-service/client/components/Review.jsx
FN:8,(anonymous_0)
FNF:1
FNH:1
FNDA:1,(anonymous_0)
DA:8,2
DA:9,1
DA:10,0
DA:17,1
LF:4
LH:3
BRDA:9,0,0,0
BRDA:9,0,1,1
BRF:2
BRH:1
end_of_record
TN:
SF:/Users/cels4/Desktop/hrsf102-reviews-service/client/components/ReviewList.jsx
FN:7,(anonymous_0)
FN:16,(anonymous_1)
FN:20,(anonymous_2)
FN:25,(anonymous_3)
FN:34,(anonymous_4)
FN:40,(anonymous_5)
FN:46,(anonymous_6)
FN:50,(anonymous_7)
FN:54,(anonymous_8)
FN:55,(anonymous_9)
FN:61,(anonymous_10)
FN:66,(anonymous_11)
FN:68,(anonymous_12)
FNF:13
FNH:3
FNDA:1,(anonymous_0)
FNDA:2,(anonymous_1)
FNDA:0,(anonymous_2)
FNDA:0,(anonymous_3)
FNDA:0,(anonymous_4)
FNDA:0,(anonymous_5)
FNDA:3,(anonymous_6)
FNDA:0,(anonymous_7)
FNDA:0,(anonymous_8)
FNDA:0,(anonymous_9)
FNDA:0,(anonymous_10)
FNDA:0,(anonymous_11)
FNDA:0,(anonymous_12)
DA:8,1
DA:9,1
DA:17,2
DA:18,0
DA:20,0
DA:26,0
DA:27,0
DA:28,0
DA:35,0
DA:36,0
DA:41,0
DA:42,0
DA:47,3
DA:50,0
DA:54,0
DA:56,0
DA:57,0
DA:61,0
DA:66,0
DA:68,0
LF:20
LH:4
BRDA:17,0,0,0
BRDA:17,0,1,2
BRDA:35,1,0,0
BRDA:35,1,1,0
BRDA:41,2,0,0
BRDA:41,2,1,0
BRDA:56,3,0,0
BRDA:56,3,1,0
BRF:8
BRH:1
end_of_record
TN:
SF:/Users/cels4/Desktop/hrsf102-reviews-service/client/components/ReviewSummary.jsx
FN:8,(anonymous_0)
FN:23,(anonymous_1)
FN:33,(anonymous_2)
FN:42,(anonymous_3)
FN:43,(anonymous_4)
FN:57,(anonymous_5)
FN:59,(anonymous_6)
FN:69,(anonymous_7)
FN:76,(anonymous_8)
FN:93,(anonymous_9)
FN:95,(anonymous_10)
FN:124,(anonymous_11)
FN:135,(anonymous_12)
FNF:13
FNH:6
FNDA:1,(anonymous_0)
FNDA:2,(anonymous_1)
FNDA:0,(anonymous_2)
FNDA:0,(anonymous_3)
FNDA:0,(anonymous_4)
FNDA:0,(anonymous_5)
FNDA:0,(anonymous_6)
FNDA:0,(anonymous_7)
FNDA:21,(anonymous_8)
FNDA:3,(anonymous_9)
FNDA:15,(anonymous_10)
FNDA:18,(anonymous_11)
FNDA:0,(anonymous_12)
DA:9,1
DA:10,1
DA:24,2
DA:25,0
DA:34,0
DA:42,0
DA:43,0
DA:44,0
DA:45,0
DA:46,0
DA:49,0
DA:50,0
DA:51,0
DA:52,0
DA:54,0
DA:58,0
DA:59,0
DA:60,0
DA:61,0
DA:62,0
DA:64,0
DA:65,0
DA:70,0
DA:71,0
DA:77,21
DA:78,21
DA:79,21
DA:80,105
DA:81,0
DA:82,105
DA:83,0
DA:85,105
DA:87,105
DA:89,21
DA:94,3
DA:95,3
DA:96,15
DA:97,0
DA:98,15
DA:99,0
DA:101,15
DA:104,3
DA:117,3
DA:118,3
DA:124,18
DA:129,0
DA:135,0
LF:47
LH:20
BRDA:24,0,0,0
BRDA:24,0,1,2
BRDA:80,1,0,0
BRDA:80,1,1,105
BRDA:82,2,0,0
BRDA:82,2,1,105
BRDA:96,3,0,0
BRDA:96,3,1,15
BRDA:98,4,0,0
BRDA:98,4,1,15
BRDA:117,5,0,3
BRDA:117,5,1,0
BRF:12
BRH:6
end_of_record
TN:
SF:/Users/cels4/Desktop/hrsf102-reviews-service/client/components/ReviewSummaryLine.jsx
FN:5,(anonymous_0)
FN:8,(anonymous_1)
FNF:2
FNH:2
FNDA:18,(anonymous_0)
FNDA:90,(anonymous_1)
DA:5,1
DA:6,18
DA:7,18
DA:8,18
DA:9,90
DA:10,0
DA:11,90
DA:12,0
DA:14,90
DA:17,18
LF:10
LH:8
BRDA:9,0,0,0
BRDA:9,0,1,90
BRDA:11,1,0,0
BRDA:11,1,1,90
BRF:4
BRH:2
end_of_record
TN:
SF:/Users/cels4/Desktop/hrsf102-reviews-service/client/components/ReviewWithoutComments.jsx
FN:7,(anonymous_0)
FNF:1
FNH:0
FNDA:0,(anonymous_0)
DA:5,2
DA:7,2
DA:8,0
LF:3
LH:2
BRF:0
BRH:0
end_of_record
TN:
SF:/Users/cels4/Desktop/hrsf102-reviews-service/client/components/Search.jsx
FN:7,(anonymous_0)
FN:15,(anonymous_1)
FN:22,(anonymous_2)
FN:28,(anonymous_3)
FN:36,(anonymous_4)
FNF:5
FNH:2
FNDA:1,(anonymous_0)
FNDA:0,(anonymous_1)
FNDA:0,(anonymous_2)
FNDA:3,(anonymous_3)
FNDA:0,(anonymous_4)
DA:8,1
DA:9,1
DA:16,0
DA:17,0
DA:18,0
DA:23,0
DA:29,3
DA:36,0
LF:8
LH:3
BRDA:17,0,0,0
BRDA:17,0,1,0
BRF:2
BRH:0
end_of_record
TN:
SF:/Users/cels4/Desktop/hrsf102-reviews-service/client/components/app.jsx
FN:12,(anonymous_0)
FN:22,(anonymous_1)
FN:26,(anonymous_2)
FN:36,(anonymous_3)
FN:42,(anonymous_4)
FN:45,(anonymous_5)
FN:52,(anonymous_6)
FN:54,(anonymous_7)
FN:65,(anonymous_8)
FNF:9
FNH:4
FNDA:2,(anonymous_0)
FNDA:3,(anonymous_1)
FNDA:3,(anonymous_2)
FNDA:0,(anonymous_3)
FNDA:0,(anonymous_4)
FNDA:0,(anonymous_5)
FNDA:0,(anonymous_6)
FNDA:0,(anonymous_7)
FNDA:5,(anonymous_8)
DA:13,2
DA:14,2
DA:23,3
DA:27,3
DA:28,3
DA:29,0
DA:31,3
DA:32,3
DA:37,0
DA:42,0
DA:46,0
DA:47,0
DA:53,0
DA:54,0
DA:55,0
DA:56,0
DA:59,0
DA:66,5
LF:18
LH:8
BRDA:26,0,0,3
BRDA:28,1,0,0
BRDA:28,1,1,3
BRDA:55,2,0,0
BRDA:55,2,1,0
BRF:5
BRH:2
end_of_record
TN:
SF:/Users/cels4/Desktop/hrsf102-reviews-service/tests/configTests.js
FNF:0
FNH:0
DA:4,3
LF:1
LH:1
BRF:0
BRH:0
end_of_record
